\BOOKMARK [1][-]{section.1}{Introduction}{}% 1
\BOOKMARK [2][-]{subsection.1.1}{Data Description}{section.1}% 2
\BOOKMARK [2][-]{subsection.1.2}{Data preprocessing}{section.1}% 3
\BOOKMARK [1][-]{section.2}{Ridge Classification}{}% 4
\BOOKMARK [2][-]{subsection.2.1}{Description}{section.2}% 5
\BOOKMARK [2][-]{subsection.2.2}{Cross-Validation}{section.2}% 6
\BOOKMARK [2][-]{subsection.2.3}{Results}{section.2}% 7
\BOOKMARK [1][-]{section.3}{Multi Layer Perceptron}{}% 8
\BOOKMARK [2][-]{subsection.3.1}{Description}{section.3}% 9
\BOOKMARK [2][-]{subsection.3.2}{Cross-Validation}{section.3}% 10
\BOOKMARK [2][-]{subsection.3.3}{Results}{section.3}% 11
\BOOKMARK [1][-]{section.4}{Random Forest Classification}{}% 12
\BOOKMARK [2][-]{subsection.4.1}{Description}{section.4}% 13
\BOOKMARK [2][-]{subsection.4.2}{Cross-Validation}{section.4}% 14
\BOOKMARK [2][-]{subsection.4.3}{Results}{section.4}% 15
\BOOKMARK [1][-]{section.5}{Gaussian Process Classification}{}% 16
\BOOKMARK [2][-]{subsection.5.1}{Description}{section.5}% 17
\BOOKMARK [2][-]{subsection.5.2}{Cross-Validation}{section.5}% 18
\BOOKMARK [2][-]{subsection.5.3}{Results}{section.5}% 19
\BOOKMARK [1][-]{section.6}{Comparison}{}% 20
\BOOKMARK [1][-]{section.7}{Conclusion}{}% 21
